2025-09-03 21:30:09,068 INFO Discussion node
2025-09-03 21:30:09,068 INFO Checking user data
2025-09-03 21:32:39,294 INFO Discussion node
2025-09-03 21:32:39,294 INFO Checking user data
2025-09-03 21:34:09,491 INFO Discussion node
2025-09-03 21:34:09,491 INFO Checking user data
2025-09-03 21:34:09,492 INFO User data node
2025-09-03 21:34:09,492 INFO User data loaded
2025-09-03 21:34:09,493 INFO Discussion node
2025-09-03 21:34:09,493 INFO Checking user data
2025-09-03 21:34:09,493 INFO Checking news data
2025-09-03 21:34:09,493 INFO News data node
2025-09-03 21:34:09,493 INFO News data loaded
2025-09-03 21:34:09,493 INFO Discussion node
2025-09-03 21:34:09,493 INFO Checking user data
2025-09-03 21:34:09,493 INFO Checking news data
2025-09-03 21:34:09,493 INFO \U0001f916 Агенты начинают обсуждение портфеля...
2025-09-03 21:34:33,617 INFO \U0001f504 АГРЕГАЦИЯ РЕШЕНИЙ АГЕНТОВ
2025-09-03 21:34:33,617 INFO ----------------------------------------
2025-09-03 21:34:33,617 INFO \u2705 Получено 15 мнений от агентов
2025-09-03 21:34:33,617 INFO \U0001f4ca Агрегировано 5 решений
2025-09-03 21:34:33,617 INFO \U0001f4cb SBER: HOLD (уверенность: 6.3, консенсус: 1.0)
2025-09-03 21:34:33,617 INFO \U0001f4cb GAZP: HOLD (уверенность: 6.3, консенсус: 1.0)
2025-09-03 21:34:33,617 INFO \U0001f4cb LKOH: HOLD (уверенность: 6.3, консенсус: 1.0)
2025-09-03 21:34:33,617 INFO \U0001f4cb NVTK: HOLD (уверенность: 6.7, консенсус: 1.0)
2025-09-03 21:34:33,617 INFO \U0001f4cb YNDX: HOLD (уверенность: 6.3, консенсус: 1.0)
2025-09-03 21:34:33,620 INFO Risk node
2025-09-03 21:34:33,620 INFO \u26a0\ufe0f Риск-менеджер оценивает риски...
2025-09-03 21:34:56,137 INFO \u2705 Оценены риски для 5 позиций
2025-09-03 21:34:56,137 INFO \u26a0\ufe0f SBER: уровень риска 5/10
2025-09-03 21:34:56,137 INFO \u26a0\ufe0f GAZP: уровень риска 5/10
2025-09-03 21:34:56,137 INFO \u26a0\ufe0f LKOH: уровень риска 5/10
2025-09-03 21:34:56,137 INFO \u26a0\ufe0f NVTK: уровень риска 5/10
2025-09-03 21:34:56,137 INFO \u26a0\ufe0f YNDX: уровень риска 5/10
2025-09-03 21:34:56,138 INFO Finalizer node
2025-09-03 21:34:56,138 INFO \U0001f4cb Формирование итоговых рекомендаций...
2025-09-03 21:35:00,170 INFO \u2705 Итоговые рекомендации сформированы
2025-09-03 21:36:18,821 INFO Discussion node
2025-09-03 21:36:18,821 INFO Checking user data
2025-09-03 21:36:18,821 INFO User data node
2025-09-03 21:36:18,822 INFO User data loaded
2025-09-03 21:36:18,822 INFO Discussion node
2025-09-03 21:36:18,822 INFO Checking user data
2025-09-03 21:36:18,822 INFO Checking news data
2025-09-03 21:36:18,822 INFO News data node
2025-09-03 21:36:18,823 INFO News data loaded
2025-09-03 21:36:18,823 INFO Discussion node
2025-09-03 21:36:18,823 INFO Checking user data
2025-09-03 21:36:18,823 INFO Checking news data
2025-09-03 21:36:18,823 INFO \U0001f916 Агенты начинают обсуждение портфеля...
2025-09-03 21:36:23,795 INFO HTTP Request: POST https://foundation-models.api.cloud.ru/v1/chat/completions "HTTP/1.1 200 OK"
2025-09-03 21:36:28,559 INFO HTTP Request: POST https://foundation-models.api.cloud.ru/v1/chat/completions "HTTP/1.1 200 OK"
2025-09-03 21:36:33,250 INFO HTTP Request: POST https://foundation-models.api.cloud.ru/v1/chat/completions "HTTP/1.1 200 OK"
2025-09-03 21:36:37,926 INFO HTTP Request: POST https://foundation-models.api.cloud.ru/v1/chat/completions "HTTP/1.1 200 OK"
2025-09-03 21:36:42,615 INFO HTTP Request: POST https://foundation-models.api.cloud.ru/v1/chat/completions "HTTP/1.1 200 OK"
2025-09-03 21:36:47,373 INFO HTTP Request: POST https://foundation-models.api.cloud.ru/v1/chat/completions "HTTP/1.1 200 OK"
2025-09-03 21:36:52,273 INFO HTTP Request: POST https://foundation-models.api.cloud.ru/v1/chat/completions "HTTP/1.1 200 OK"
2025-09-03 21:36:57,007 INFO HTTP Request: POST https://foundation-models.api.cloud.ru/v1/chat/completions "HTTP/1.1 200 OK"
2025-09-03 21:37:02,575 INFO HTTP Request: POST https://foundation-models.api.cloud.ru/v1/chat/completions "HTTP/1.1 200 OK"
2025-09-03 21:37:07,251 INFO HTTP Request: POST https://foundation-models.api.cloud.ru/v1/chat/completions "HTTP/1.1 200 OK"
2025-09-03 21:37:11,943 INFO HTTP Request: POST https://foundation-models.api.cloud.ru/v1/chat/completions "HTTP/1.1 200 OK"
2025-09-03 21:37:16,939 INFO HTTP Request: POST https://foundation-models.api.cloud.ru/v1/chat/completions "HTTP/1.1 200 OK"
2025-09-03 21:37:23,184 INFO HTTP Request: POST https://foundation-models.api.cloud.ru/v1/chat/completions "HTTP/1.1 200 OK"
2025-09-03 21:37:28,494 INFO HTTP Request: POST https://foundation-models.api.cloud.ru/v1/chat/completions "HTTP/1.1 200 OK"
2025-09-03 21:37:33,747 INFO HTTP Request: POST https://foundation-models.api.cloud.ru/v1/chat/completions "HTTP/1.1 200 OK"
2025-09-03 21:37:33,752 INFO \U0001f504 АГРЕГАЦИЯ РЕШЕНИЙ АГЕНТОВ
2025-09-03 21:37:33,752 INFO ----------------------------------------
2025-09-03 21:37:33,752 INFO \u2705 Получено 15 мнений от агентов
2025-09-03 21:37:33,752 INFO \U0001f4ca Агрегировано 5 решений
2025-09-03 21:37:33,752 INFO \U0001f4cb YNDX: HOLD (уверенность: 6.7, консенсус: 1.0)
2025-09-03 21:37:33,752 INFO \U0001f4cb LKOH: HOLD (уверенность: 7.3, консенсус: 1.0)
2025-09-03 21:37:33,752 INFO \U0001f4cb SBER: HOLD (уверенность: 7.3, консенсус: 1.0)
2025-09-03 21:37:33,752 INFO \U0001f4cb GAZP: HOLD (уверенность: 7.0, консенсус: 1.0)
2025-09-03 21:37:33,752 INFO \U0001f4cb NVTK: HOLD (уверенность: 7.7, консенсус: 1.0)
2025-09-03 21:37:33,752 INFO Risk node
2025-09-03 21:37:33,752 INFO \u26a0\ufe0f Риск-менеджер оценивает риски...
2025-09-03 21:37:38,491 INFO HTTP Request: POST https://foundation-models.api.cloud.ru/v1/chat/completions "HTTP/1.1 200 OK"
2025-09-03 21:37:45,067 INFO HTTP Request: POST https://foundation-models.api.cloud.ru/v1/chat/completions "HTTP/1.1 200 OK"
2025-09-03 21:37:50,554 INFO HTTP Request: POST https://foundation-models.api.cloud.ru/v1/chat/completions "HTTP/1.1 200 OK"
2025-09-03 21:37:55,897 INFO HTTP Request: POST https://foundation-models.api.cloud.ru/v1/chat/completions "HTTP/1.1 200 OK"
2025-09-03 21:38:00,626 INFO HTTP Request: POST https://foundation-models.api.cloud.ru/v1/chat/completions "HTTP/1.1 200 OK"
2025-09-03 21:38:00,626 INFO \u2705 Оценены риски для 5 позиций
2025-09-03 21:38:00,626 INFO \u26a0\ufe0f YNDX: уровень риска 5/10
2025-09-03 21:38:00,626 INFO \u26a0\ufe0f LKOH: уровень риска 5/10
2025-09-03 21:38:00,626 INFO \u26a0\ufe0f SBER: уровень риска 5/10
2025-09-03 21:38:00,626 INFO \u26a0\ufe0f GAZP: уровень риска 5/10
2025-09-03 21:38:00,626 INFO \u26a0\ufe0f NVTK: уровень риска 5/10
2025-09-03 21:38:00,626 INFO Finalizer node
2025-09-03 21:38:00,626 INFO \U0001f4cb Формирование итоговых рекомендаций...
2025-09-03 21:38:05,844 INFO HTTP Request: POST https://foundation-models.api.cloud.ru/v1/chat/completions "HTTP/1.1 200 OK"
2025-09-03 21:38:05,844 INFO \u2705 Итоговые рекомендации сформированы
2025-09-03 21:44:28,536 INFO Discussion node
2025-09-03 21:44:28,536 INFO Checking user data
2025-09-03 21:44:28,536 INFO User data node
2025-09-03 21:44:28,536 INFO User data loaded
2025-09-03 21:44:28,536 INFO Discussion node
2025-09-03 21:44:28,536 INFO Checking user data
2025-09-03 21:44:28,536 INFO Checking news data
2025-09-03 21:44:28,539 INFO News data node
2025-09-03 21:44:28,539 INFO News data loaded
2025-09-03 21:44:28,539 INFO Discussion node
2025-09-03 21:44:28,539 INFO Checking user data
2025-09-03 21:44:28,539 INFO Checking news data
2025-09-03 21:44:28,539 INFO \U0001f916 Агенты начинают обсуждение портфеля...
2025-09-03 21:44:33,983 INFO HTTP Request: POST https://foundation-models.api.cloud.ru/v1/chat/completions "HTTP/1.1 200 OK"
2025-09-03 21:44:38,763 INFO HTTP Request: POST https://foundation-models.api.cloud.ru/v1/chat/completions "HTTP/1.1 200 OK"
2025-09-03 21:44:43,494 INFO HTTP Request: POST https://foundation-models.api.cloud.ru/v1/chat/completions "HTTP/1.1 200 OK"
2025-09-03 21:44:48,088 INFO HTTP Request: POST https://foundation-models.api.cloud.ru/v1/chat/completions "HTTP/1.1 200 OK"
2025-09-03 21:44:52,687 INFO HTTP Request: POST https://foundation-models.api.cloud.ru/v1/chat/completions "HTTP/1.1 200 OK"
2025-09-03 21:44:57,390 INFO HTTP Request: POST https://foundation-models.api.cloud.ru/v1/chat/completions "HTTP/1.1 200 OK"
2025-09-03 21:45:02,114 INFO HTTP Request: POST https://foundation-models.api.cloud.ru/v1/chat/completions "HTTP/1.1 200 OK"
2025-09-03 21:45:06,879 INFO HTTP Request: POST https://foundation-models.api.cloud.ru/v1/chat/completions "HTTP/1.1 200 OK"
2025-09-03 21:45:11,798 INFO HTTP Request: POST https://foundation-models.api.cloud.ru/v1/chat/completions "HTTP/1.1 200 OK"
2025-09-03 21:45:16,496 INFO HTTP Request: POST https://foundation-models.api.cloud.ru/v1/chat/completions "HTTP/1.1 200 OK"
2025-09-03 21:45:21,187 INFO HTTP Request: POST https://foundation-models.api.cloud.ru/v1/chat/completions "HTTP/1.1 200 OK"
2025-09-03 21:45:25,816 INFO HTTP Request: POST https://foundation-models.api.cloud.ru/v1/chat/completions "HTTP/1.1 200 OK"
2025-09-03 21:45:30,379 INFO HTTP Request: POST https://foundation-models.api.cloud.ru/v1/chat/completions "HTTP/1.1 200 OK"
2025-09-03 21:45:35,108 INFO HTTP Request: POST https://foundation-models.api.cloud.ru/v1/chat/completions "HTTP/1.1 200 OK"
2025-09-03 21:45:39,696 INFO HTTP Request: POST https://foundation-models.api.cloud.ru/v1/chat/completions "HTTP/1.1 200 OK"
2025-09-03 21:45:39,697 INFO \U0001f504 АГРЕГАЦИЯ РЕШЕНИЙ АГЕНТОВ
2025-09-03 21:45:39,697 INFO ----------------------------------------
2025-09-03 21:45:39,697 INFO \u2705 Получено 15 мнений от агентов
2025-09-03 21:45:39,697 INFO \U0001f4ca Агрегировано 5 решений
2025-09-03 21:45:39,697 INFO \U0001f4cb GAZP: HOLD (уверенность: 7.0, консенсус: 1.0)
2025-09-03 21:45:39,697 INFO \U0001f4cb LKOH: HOLD (уверенность: 7.7, консенсус: 1.0)
2025-09-03 21:45:39,697 INFO \U0001f4cb YNDX: HOLD (уверенность: 6.7, консенсус: 1.0)
2025-09-03 21:45:39,697 INFO \U0001f4cb NVTK: HOLD (уверенность: 7.7, консенсус: 1.0)
2025-09-03 21:45:39,697 INFO \U0001f4cb SBER: HOLD (уверенность: 7.3, консенсус: 1.0)
2025-09-03 21:45:39,698 INFO Risk node
2025-09-03 21:45:39,698 INFO \u26a0\ufe0f Риск-менеджер оценивает риски...
2025-09-03 21:45:44,434 INFO HTTP Request: POST https://foundation-models.api.cloud.ru/v1/chat/completions "HTTP/1.1 200 OK"
2025-09-03 21:45:49,169 INFO HTTP Request: POST https://foundation-models.api.cloud.ru/v1/chat/completions "HTTP/1.1 200 OK"
2025-09-03 21:45:54,272 INFO HTTP Request: POST https://foundation-models.api.cloud.ru/v1/chat/completions "HTTP/1.1 200 OK"
2025-09-03 21:45:59,070 INFO HTTP Request: POST https://foundation-models.api.cloud.ru/v1/chat/completions "HTTP/1.1 200 OK"
2025-09-03 21:46:03,849 INFO HTTP Request: POST https://foundation-models.api.cloud.ru/v1/chat/completions "HTTP/1.1 200 OK"
2025-09-03 21:46:03,849 INFO \u2705 Оценены риски для 5 позиций
2025-09-03 21:46:03,849 INFO \u26a0\ufe0f GAZP: уровень риска 5/10
2025-09-03 21:46:03,849 INFO \u26a0\ufe0f LKOH: уровень риска 5/10
2025-09-03 21:46:03,849 INFO \u26a0\ufe0f YNDX: уровень риска 5/10
2025-09-03 21:46:03,849 INFO \u26a0\ufe0f NVTK: уровень риска 5/10
2025-09-03 21:46:03,849 INFO \u26a0\ufe0f SBER: уровень риска 7/10
2025-09-03 21:46:03,849 INFO Finalizer node
2025-09-03 21:46:03,849 INFO \U0001f4cb Формирование итоговых рекомендаций...
2025-09-03 21:46:08,556 INFO HTTP Request: POST https://foundation-models.api.cloud.ru/v1/chat/completions "HTTP/1.1 200 OK"
2025-09-03 21:46:08,556 INFO \u2705 Итоговые рекомендации сформированы
2025-09-03 21:48:25,357 INFO Discussion node
2025-09-03 21:48:25,357 INFO Checking user data
2025-09-03 21:48:25,357 INFO User data node
2025-09-03 21:48:25,358 INFO User data loaded
2025-09-03 21:48:25,358 INFO Discussion node
2025-09-03 21:48:25,358 INFO Checking user data
2025-09-03 21:48:25,358 INFO Checking news data
2025-09-03 21:48:25,358 INFO News data node
2025-09-03 21:48:25,359 INFO News data loaded
2025-09-03 21:48:25,359 INFO Discussion node
2025-09-03 21:48:25,359 INFO Checking user data
2025-09-03 21:48:25,359 INFO Checking news data
2025-09-03 21:48:25,359 INFO \U0001f916 Агенты начинают обсуждение портфеля...
2025-09-03 21:48:44,219 INFO HTTP Request: POST https://foundation-models.api.cloud.ru/v1/chat/completions "HTTP/1.1 200 OK"
2025-09-03 21:48:54,691 INFO HTTP Request: POST https://foundation-models.api.cloud.ru/v1/chat/completions "HTTP/1.1 200 OK"
2025-09-03 21:49:18,616 INFO HTTP Request: POST https://foundation-models.api.cloud.ru/v1/chat/completions "HTTP/1.1 200 OK"
2025-09-03 21:49:27,779 INFO HTTP Request: POST https://foundation-models.api.cloud.ru/v1/chat/completions "HTTP/1.1 200 OK"
2025-09-03 21:49:36,624 INFO HTTP Request: POST https://foundation-models.api.cloud.ru/v1/chat/completions "HTTP/1.1 200 OK"
2025-09-03 21:49:50,944 INFO HTTP Request: POST https://foundation-models.api.cloud.ru/v1/chat/completions "HTTP/1.1 200 OK"
2025-09-03 21:50:03,104 INFO HTTP Request: POST https://foundation-models.api.cloud.ru/v1/chat/completions "HTTP/1.1 200 OK"
2025-09-03 21:50:16,026 INFO HTTP Request: POST https://foundation-models.api.cloud.ru/v1/chat/completions "HTTP/1.1 200 OK"
2025-09-03 21:50:34,484 INFO HTTP Request: POST https://foundation-models.api.cloud.ru/v1/chat/completions "HTTP/1.1 200 OK"
2025-09-03 21:50:50,728 INFO HTTP Request: POST https://foundation-models.api.cloud.ru/v1/chat/completions "HTTP/1.1 200 OK"
2025-09-03 21:51:00,514 INFO HTTP Request: POST https://foundation-models.api.cloud.ru/v1/chat/completions "HTTP/1.1 200 OK"
2025-09-03 21:51:16,404 INFO HTTP Request: POST https://foundation-models.api.cloud.ru/v1/chat/completions "HTTP/1.1 200 OK"
2025-09-03 21:51:29,391 INFO HTTP Request: POST https://foundation-models.api.cloud.ru/v1/chat/completions "HTTP/1.1 200 OK"
2025-09-03 21:51:40,614 INFO HTTP Request: POST https://foundation-models.api.cloud.ru/v1/chat/completions "HTTP/1.1 200 OK"
2025-09-03 21:52:00,491 INFO HTTP Request: POST https://foundation-models.api.cloud.ru/v1/chat/completions "HTTP/1.1 200 OK"
2025-09-03 21:52:00,494 INFO \U0001f504 АГРЕГАЦИЯ РЕШЕНИЙ АГЕНТОВ
2025-09-03 21:52:00,494 INFO ----------------------------------------
2025-09-03 21:52:00,494 INFO \u2705 Получено 15 мнений от агентов
2025-09-03 21:52:00,494 INFO \U0001f4ca Агрегировано 5 решений
2025-09-03 21:52:00,494 INFO \U0001f4cb GAZP: HOLD (уверенность: 7.0, консенсус: 0.7)
2025-09-03 21:52:00,494 INFO \U0001f4cb SBER: HOLD (уверенность: 7.3, консенсус: 0.7)
2025-09-03 21:52:00,494 INFO \U0001f4cb LKOH: SELL (уверенность: 7.7, консенсус: 0.7)
2025-09-03 21:52:00,494 INFO \U0001f4cb NVTK: HOLD (уверенность: 7.3, консенсус: 1.0)
2025-09-03 21:52:00,494 INFO \U0001f4cb YNDX: HOLD (уверенность: 6.7, консенсус: 1.0)
2025-09-03 21:52:00,494 INFO Risk node
2025-09-03 21:52:00,496 INFO \u26a0\ufe0f Риск-менеджер оценивает риски...
2025-09-03 21:52:24,630 INFO HTTP Request: POST https://foundation-models.api.cloud.ru/v1/chat/completions "HTTP/1.1 200 OK"
2025-09-03 21:52:42,488 INFO HTTP Request: POST https://foundation-models.api.cloud.ru/v1/chat/completions "HTTP/1.1 200 OK"
2025-09-03 21:53:12,794 INFO HTTP Request: POST https://foundation-models.api.cloud.ru/v1/chat/completions "HTTP/1.1 200 OK"
2025-09-03 21:53:31,756 INFO HTTP Request: POST https://foundation-models.api.cloud.ru/v1/chat/completions "HTTP/1.1 200 OK"
2025-09-03 21:54:04,069 INFO HTTP Request: POST https://foundation-models.api.cloud.ru/v1/chat/completions "HTTP/1.1 200 OK"
2025-09-03 21:54:04,070 INFO \u2705 Оценены риски для 5 позиций
2025-09-03 21:54:04,070 INFO \u26a0\ufe0f GAZP: уровень риска 5/10
2025-09-03 21:54:04,070 INFO \u26a0\ufe0f SBER: уровень риска 8/10
2025-09-03 21:54:04,070 INFO \u26a0\ufe0f LKOH: уровень риска 1/10
2025-09-03 21:54:04,070 INFO \u26a0\ufe0f NVTK: уровень риска 8/10
2025-09-03 21:54:04,070 INFO \u26a0\ufe0f YNDX: уровень риска 8/10
2025-09-03 21:54:04,071 INFO Finalizer node
2025-09-03 21:54:04,071 INFO \U0001f4cb Формирование итоговых рекомендаций...
2025-09-03 21:54:23,286 INFO HTTP Request: POST https://foundation-models.api.cloud.ru/v1/chat/completions "HTTP/1.1 200 OK"
2025-09-03 21:54:23,287 INFO \u2705 Итоговые рекомендации сформированы
2025-09-03 22:01:17,456 INFO Discussion node
2025-09-03 22:01:17,456 INFO Checking user data
2025-09-03 22:01:17,456 INFO User data node
2025-09-03 22:01:17,457 INFO User data loaded
2025-09-03 22:01:17,457 INFO Discussion node
2025-09-03 22:01:17,457 INFO Checking user data
2025-09-03 22:01:17,457 INFO Checking news data
2025-09-03 22:01:17,458 INFO News data node
2025-09-03 22:01:17,458 INFO News data loaded
2025-09-03 22:01:17,459 INFO Discussion node
2025-09-03 22:01:17,459 INFO Checking user data
2025-09-03 22:01:17,459 INFO Checking news data
2025-09-03 22:01:17,459 INFO \U0001f916 Агенты начинают обсуждение портфеля...
2025-09-03 22:01:28,001 INFO HTTP Request: POST https://foundation-models.api.cloud.ru/v1/chat/completions "HTTP/1.1 200 OK"
2025-09-03 22:01:39,852 INFO HTTP Request: POST https://foundation-models.api.cloud.ru/v1/chat/completions "HTTP/1.1 200 OK"
2025-09-03 22:01:56,773 INFO HTTP Request: POST https://foundation-models.api.cloud.ru/v1/chat/completions "HTTP/1.1 200 OK"
2025-09-03 22:02:14,031 INFO HTTP Request: POST https://foundation-models.api.cloud.ru/v1/chat/completions "HTTP/1.1 200 OK"
2025-09-03 22:02:24,817 INFO HTTP Request: POST https://foundation-models.api.cloud.ru/v1/chat/completions "HTTP/1.1 200 OK"
2025-09-03 22:02:50,038 INFO HTTP Request: POST https://foundation-models.api.cloud.ru/v1/chat/completions "HTTP/1.1 200 OK"
2025-09-03 22:03:05,498 INFO HTTP Request: POST https://foundation-models.api.cloud.ru/v1/chat/completions "HTTP/1.1 200 OK"
2025-09-03 22:03:16,369 INFO HTTP Request: POST https://foundation-models.api.cloud.ru/v1/chat/completions "HTTP/1.1 200 OK"
2025-09-03 22:03:34,444 INFO HTTP Request: POST https://foundation-models.api.cloud.ru/v1/chat/completions "HTTP/1.1 200 OK"
2025-09-03 22:03:50,650 INFO HTTP Request: POST https://foundation-models.api.cloud.ru/v1/chat/completions "HTTP/1.1 200 OK"
2025-09-03 22:03:59,950 INFO HTTP Request: POST https://foundation-models.api.cloud.ru/v1/chat/completions "HTTP/1.1 200 OK"
2025-09-03 22:04:15,764 INFO HTTP Request: POST https://foundation-models.api.cloud.ru/v1/chat/completions "HTTP/1.1 200 OK"
2025-09-03 22:04:27,914 INFO HTTP Request: POST https://foundation-models.api.cloud.ru/v1/chat/completions "HTTP/1.1 200 OK"
2025-09-03 22:04:45,295 INFO HTTP Request: POST https://foundation-models.api.cloud.ru/v1/chat/completions "HTTP/1.1 200 OK"
2025-09-03 22:05:05,669 INFO HTTP Request: POST https://foundation-models.api.cloud.ru/v1/chat/completions "HTTP/1.1 200 OK"
2025-09-03 22:05:05,671 INFO \U0001f504 АГРЕГАЦИЯ РЕШЕНИЙ АГЕНТОВ
2025-09-03 22:05:05,671 INFO ----------------------------------------
2025-09-03 22:05:05,671 INFO \u2705 Получено 15 мнений от агентов
2025-09-03 22:05:05,671 INFO \U0001f4ca Агрегировано 5 решений
2025-09-03 22:05:05,671 INFO \U0001f4cb SBER: HOLD (уверенность: 7.7, консенсус: 1.0)
2025-09-03 22:05:05,671 INFO \U0001f4cb GAZP: HOLD (уверенность: 7.0, консенсус: 0.7)
2025-09-03 22:05:05,671 INFO \U0001f4cb LKOH: HOLD (уверенность: 7.3, консенсус: 1.0)
2025-09-03 22:05:05,671 INFO \U0001f4cb NVTK: HOLD (уверенность: 7.7, консенсус: 1.0)
2025-09-03 22:05:05,671 INFO \U0001f4cb YNDX: HOLD (уверенность: 6.7, консенсус: 1.0)
2025-09-03 22:05:05,672 INFO Risk node
2025-09-03 22:05:05,673 INFO \u26a0\ufe0f Риск-менеджер оценивает риски...
2025-09-03 22:05:29,683 INFO HTTP Request: POST https://foundation-models.api.cloud.ru/v1/chat/completions "HTTP/1.1 200 OK"
2025-09-03 22:05:48,258 INFO HTTP Request: POST https://foundation-models.api.cloud.ru/v1/chat/completions "HTTP/1.1 200 OK"
2025-09-03 22:06:05,082 INFO HTTP Request: POST https://foundation-models.api.cloud.ru/v1/chat/completions "HTTP/1.1 200 OK"
2025-09-03 22:06:26,546 INFO HTTP Request: POST https://foundation-models.api.cloud.ru/v1/chat/completions "HTTP/1.1 200 OK"
2025-09-03 22:06:46,132 INFO HTTP Request: POST https://foundation-models.api.cloud.ru/v1/chat/completions "HTTP/1.1 200 OK"
2025-09-03 22:06:46,134 INFO \u2705 Оценены риски для 5 позиций
2025-09-03 22:06:46,134 INFO \u26a0\ufe0f SBER: уровень риска 1/10
2025-09-03 22:06:46,134 INFO \u26a0\ufe0f GAZP: уровень риска 8/10
2025-09-03 22:06:46,134 INFO \u26a0\ufe0f LKOH: уровень риска 8/10
2025-09-03 22:06:46,134 INFO \u26a0\ufe0f NVTK: уровень риска 1/10
2025-09-03 22:06:46,134 INFO \u26a0\ufe0f YNDX: уровень риска 5/10
2025-09-03 22:06:46,136 INFO Finalizer node
2025-09-03 22:06:46,136 INFO \U0001f4cb Формирование итоговых рекомендаций...
2025-09-03 22:07:17,002 INFO HTTP Request: POST https://foundation-models.api.cloud.ru/v1/chat/completions "HTTP/1.1 200 OK"
2025-09-03 22:07:17,003 INFO \u2705 Итоговые рекомендации сформированы
2025-09-03 22:16:25,450 INFO Discussion node
2025-09-03 22:16:25,450 INFO Checking user data
2025-09-03 22:16:25,451 INFO User data node
2025-09-03 22:16:25,451 INFO User data loaded
2025-09-03 22:16:25,451 INFO Discussion node
2025-09-03 22:16:25,451 INFO Checking user data
2025-09-03 22:16:25,452 INFO Checking news data
2025-09-03 22:16:25,452 INFO News data node
2025-09-03 22:16:25,452 INFO News data loaded
2025-09-03 22:16:25,453 INFO Discussion node
2025-09-03 22:16:25,453 INFO Checking user data
2025-09-03 22:16:25,453 INFO Checking news data
2025-09-03 22:16:25,453 INFO \U0001f916 Агенты начинают обсуждение портфеля...
2025-09-03 22:16:45,432 INFO HTTP Request: POST https://foundation-models.api.cloud.ru/v1/chat/completions "HTTP/1.1 200 OK"
2025-09-03 22:16:55,203 INFO HTTP Request: POST https://foundation-models.api.cloud.ru/v1/chat/completions "HTTP/1.1 200 OK"
2025-09-03 22:17:14,624 INFO HTTP Request: POST https://foundation-models.api.cloud.ru/v1/chat/completions "HTTP/1.1 200 OK"
2025-09-03 22:17:29,999 INFO HTTP Request: POST https://foundation-models.api.cloud.ru/v1/chat/completions "HTTP/1.1 200 OK"
2025-09-03 22:17:41,643 INFO HTTP Request: POST https://foundation-models.api.cloud.ru/v1/chat/completions "HTTP/1.1 200 OK"
2025-09-03 22:17:59,716 INFO HTTP Request: POST https://foundation-models.api.cloud.ru/v1/chat/completions "HTTP/1.1 200 OK"
2025-09-03 22:18:11,644 INFO HTTP Request: POST https://foundation-models.api.cloud.ru/v1/chat/completions "HTTP/1.1 200 OK"
2025-09-03 22:18:25,186 INFO HTTP Request: POST https://foundation-models.api.cloud.ru/v1/chat/completions "HTTP/1.1 200 OK"
2025-09-03 22:18:47,358 INFO HTTP Request: POST https://foundation-models.api.cloud.ru/v1/chat/completions "HTTP/1.1 200 OK"
2025-09-03 22:19:04,265 INFO HTTP Request: POST https://foundation-models.api.cloud.ru/v1/chat/completions "HTTP/1.1 200 OK"
2025-09-03 22:19:20,708 INFO HTTP Request: POST https://foundation-models.api.cloud.ru/v1/chat/completions "HTTP/1.1 200 OK"
2025-09-03 22:19:37,381 INFO HTTP Request: POST https://foundation-models.api.cloud.ru/v1/chat/completions "HTTP/1.1 200 OK"
2025-09-03 22:19:53,505 INFO HTTP Request: POST https://foundation-models.api.cloud.ru/v1/chat/completions "HTTP/1.1 200 OK"
2025-09-03 22:20:08,187 INFO HTTP Request: POST https://foundation-models.api.cloud.ru/v1/chat/completions "HTTP/1.1 200 OK"
2025-09-03 22:20:28,952 INFO HTTP Request: POST https://foundation-models.api.cloud.ru/v1/chat/completions "HTTP/1.1 200 OK"
2025-09-03 22:20:46,767 INFO HTTP Request: POST https://foundation-models.api.cloud.ru/v1/chat/completions "HTTP/1.1 200 OK"
2025-09-03 22:20:56,124 INFO HTTP Request: POST https://foundation-models.api.cloud.ru/v1/chat/completions "HTTP/1.1 200 OK"
2025-09-03 22:21:14,241 INFO HTTP Request: POST https://foundation-models.api.cloud.ru/v1/chat/completions "HTTP/1.1 200 OK"
2025-09-03 22:21:14,243 INFO \U0001f504 АГРЕГАЦИЯ РЕШЕНИЙ АГЕНТОВ
2025-09-03 22:21:14,243 INFO ----------------------------------------
2025-09-03 22:21:14,243 INFO \u2705 Получено 18 мнений от агентов
2025-09-03 22:21:14,243 INFO \U0001f4ca Агрегировано 6 решений
2025-09-03 22:21:14,243 INFO \U0001f4cb SBER: HOLD (уверенность: 7.7, консенсус: 1.0)
2025-09-03 22:21:14,243 INFO \U0001f4cb YNDX: HOLD (уверенность: 6.7, консенсус: 1.0)
2025-09-03 22:21:14,243 INFO \U0001f4cb LKOH: HOLD (уверенность: 7.7, консенсус: 1.0)
2025-09-03 22:21:14,243 INFO \U0001f4cb SMLT: SELL (уверенность: 8.0, консенсус: 1.0)
2025-09-03 22:21:14,243 INFO \U0001f4cb GAZP: HOLD (уверенность: 7.0, консенсус: 1.0)
2025-09-03 22:21:14,243 INFO \U0001f4cb NVTK: HOLD (уверенность: 8.0, консенсус: 0.7)
2025-09-03 22:21:14,244 INFO Risk node
2025-09-03 22:21:14,245 INFO \u26a0\ufe0f Риск-менеджер оценивает риски...
2025-09-03 22:21:47,003 INFO HTTP Request: POST https://foundation-models.api.cloud.ru/v1/chat/completions "HTTP/1.1 200 OK"
2025-09-03 22:22:17,169 INFO HTTP Request: POST https://foundation-models.api.cloud.ru/v1/chat/completions "HTTP/1.1 200 OK"
2025-09-03 22:22:53,571 INFO HTTP Request: POST https://foundation-models.api.cloud.ru/v1/chat/completions "HTTP/1.1 200 OK"
2025-09-03 22:23:24,544 INFO HTTP Request: POST https://foundation-models.api.cloud.ru/v1/chat/completions "HTTP/1.1 200 OK"
2025-09-03 22:23:54,018 INFO HTTP Request: POST https://foundation-models.api.cloud.ru/v1/chat/completions "HTTP/1.1 200 OK"
2025-09-03 22:24:12,059 INFO HTTP Request: POST https://foundation-models.api.cloud.ru/v1/chat/completions "HTTP/1.1 200 OK"
2025-09-03 22:24:12,060 INFO \u2705 Оценены риски для 6 позиций
2025-09-03 22:24:12,060 INFO \u26a0\ufe0f SBER: уровень риска 1/10
2025-09-03 22:24:12,060 INFO \u26a0\ufe0f YNDX: уровень риска 5/10
2025-09-03 22:24:12,060 INFO \u26a0\ufe0f LKOH: уровень риска 7/10
2025-09-03 22:24:12,060 INFO \u26a0\ufe0f SMLT: уровень риска 1/10
2025-09-03 22:24:12,060 INFO \u26a0\ufe0f GAZP: уровень риска 7/10
2025-09-03 22:24:12,060 INFO \u26a0\ufe0f NVTK: уровень риска 8/10
2025-09-03 22:24:12,061 INFO Finalizer node
2025-09-03 22:24:12,061 INFO \U0001f4cb Формирование итоговых рекомендаций...
2025-09-03 22:24:45,504 INFO HTTP Request: POST https://foundation-models.api.cloud.ru/v1/chat/completions "HTTP/1.1 200 OK"
2025-09-03 22:24:45,505 INFO \u2705 Итоговые рекомендации сформированы
2025-09-04 11:39:22,588 INFO Discussion node
2025-09-04 11:39:22,588 INFO Checking user data
2025-09-04 11:39:22,589 INFO User data node
2025-09-04 11:39:22,590 INFO User data loaded
2025-09-04 11:39:22,590 INFO Discussion node
2025-09-04 11:39:22,590 INFO Checking user data
2025-09-04 11:39:22,590 INFO Checking news data
2025-09-04 11:39:22,591 INFO News data node
2025-09-04 11:39:22,591 INFO News data loaded
2025-09-04 11:39:22,591 INFO Discussion node
2025-09-04 11:39:22,591 INFO Checking user data
2025-09-04 11:39:22,593 INFO Checking news data
2025-09-04 11:39:22,593 INFO \U0001f916 Агенты начинают обсуждение портфеля...
2025-09-04 11:40:00,063 INFO HTTP Request: POST https://foundation-models.api.cloud.ru/v1/chat/completions "HTTP/1.1 200 OK"
2025-09-04 11:40:23,089 INFO HTTP Request: POST https://foundation-models.api.cloud.ru/v1/chat/completions "HTTP/1.1 200 OK"
2025-09-04 11:41:28,091 INFO HTTP Request: POST https://foundation-models.api.cloud.ru/v1/chat/completions "HTTP/1.1 200 OK"
2025-09-04 11:42:02,043 INFO HTTP Request: POST https://foundation-models.api.cloud.ru/v1/chat/completions "HTTP/1.1 200 OK"
2025-09-04 11:42:10,347 INFO HTTP Request: POST https://foundation-models.api.cloud.ru/v1/chat/completions "HTTP/1.1 200 OK"
2025-09-04 11:42:26,972 INFO HTTP Request: POST https://foundation-models.api.cloud.ru/v1/chat/completions "HTTP/1.1 200 OK"
2025-09-04 11:42:40,566 INFO HTTP Request: POST https://foundation-models.api.cloud.ru/v1/chat/completions "HTTP/1.1 200 OK"
2025-09-04 11:42:53,588 INFO HTTP Request: POST https://foundation-models.api.cloud.ru/v1/chat/completions "HTTP/1.1 200 OK"
2025-09-04 11:43:13,860 INFO HTTP Request: POST https://foundation-models.api.cloud.ru/v1/chat/completions "HTTP/1.1 200 OK"
2025-09-04 11:43:27,943 INFO HTTP Request: POST https://foundation-models.api.cloud.ru/v1/chat/completions "HTTP/1.1 200 OK"
2025-09-04 11:43:37,910 INFO HTTP Request: POST https://foundation-models.api.cloud.ru/v1/chat/completions "HTTP/1.1 200 OK"
2025-09-04 11:44:00,603 INFO HTTP Request: POST https://foundation-models.api.cloud.ru/v1/chat/completions "HTTP/1.1 200 OK"
2025-09-04 11:44:24,616 INFO HTTP Request: POST https://foundation-models.api.cloud.ru/v1/chat/completions "HTTP/1.1 200 OK"
2025-09-04 11:44:40,575 INFO HTTP Request: POST https://foundation-models.api.cloud.ru/v1/chat/completions "HTTP/1.1 200 OK"
2025-09-04 11:45:07,028 INFO HTTP Request: POST https://foundation-models.api.cloud.ru/v1/chat/completions "HTTP/1.1 200 OK"
2025-09-04 11:45:21,788 INFO HTTP Request: POST https://foundation-models.api.cloud.ru/v1/chat/completions "HTTP/1.1 200 OK"
2025-09-04 11:45:37,773 INFO HTTP Request: POST https://foundation-models.api.cloud.ru/v1/chat/completions "HTTP/1.1 200 OK"
2025-09-04 11:45:52,311 INFO HTTP Request: POST https://foundation-models.api.cloud.ru/v1/chat/completions "HTTP/1.1 200 OK"
2025-09-04 11:45:52,312 INFO \U0001f504 АГРЕГАЦИЯ РЕШЕНИЙ АГЕНТОВ
2025-09-04 11:45:52,312 INFO ----------------------------------------
2025-09-04 11:45:52,312 INFO \u2705 Получено 18 мнений от агентов
2025-09-04 11:45:52,312 INFO \U0001f4ca Агрегировано 6 решений
2025-09-04 11:45:52,313 INFO \U0001f4cb LKOH: HOLD (уверенность: 7.3, консенсус: 1.0)
2025-09-04 11:45:52,313 INFO \U0001f4cb NVTK: HOLD (уверенность: 7.7, консенсус: 1.0)
2025-09-04 11:45:52,313 INFO \U0001f4cb YNDX: HOLD (уверенность: 7.0, консенсус: 1.0)
2025-09-04 11:45:52,313 INFO \U0001f4cb GAZP: HOLD (уверенность: 7.0, консенсус: 1.0)
2025-09-04 11:45:52,313 INFO \U0001f4cb SMLT: SELL (уверенность: 7.3, консенсус: 0.7)
2025-09-04 11:45:52,313 INFO \U0001f4cb SBER: HOLD (уверенность: 7.3, консенсус: 1.0)
2025-09-04 11:45:52,313 INFO Risk node
2025-09-04 11:45:52,313 INFO \u26a0\ufe0f Риск-менеджер оценивает риски...
2025-09-04 11:46:16,657 INFO HTTP Request: POST https://foundation-models.api.cloud.ru/v1/chat/completions "HTTP/1.1 200 OK"
2025-09-04 11:46:39,153 INFO HTTP Request: POST https://foundation-models.api.cloud.ru/v1/chat/completions "HTTP/1.1 200 OK"
2025-09-04 11:47:16,600 INFO HTTP Request: POST https://foundation-models.api.cloud.ru/v1/chat/completions "HTTP/1.1 200 OK"
2025-09-04 11:47:47,000 INFO HTTP Request: POST https://foundation-models.api.cloud.ru/v1/chat/completions "HTTP/1.1 200 OK"
2025-09-04 11:48:18,663 INFO HTTP Request: POST https://foundation-models.api.cloud.ru/v1/chat/completions "HTTP/1.1 200 OK"
2025-09-04 11:48:49,136 INFO HTTP Request: POST https://foundation-models.api.cloud.ru/v1/chat/completions "HTTP/1.1 200 OK"
2025-09-04 11:48:49,136 INFO \u2705 Оценены риски для 6 позиций
2025-09-04 11:48:49,136 INFO \u26a0\ufe0f LKOH: уровень риска 1/10
2025-09-04 11:48:49,136 INFO \u26a0\ufe0f NVTK: уровень риска 5/10
2025-09-04 11:48:49,136 INFO \u26a0\ufe0f YNDX: уровень риска 1/10
2025-09-04 11:48:49,136 INFO \u26a0\ufe0f GAZP: уровень риска 8/10
2025-09-04 11:48:49,136 INFO \u26a0\ufe0f SMLT: уровень риска 8/10
2025-09-04 11:48:49,136 INFO \u26a0\ufe0f SBER: уровень риска 7/10
2025-09-04 11:48:49,137 INFO Finalizer node
2025-09-04 11:48:49,137 INFO \U0001f4cb Формирование итоговых рекомендаций...
2025-09-04 11:49:19,413 INFO HTTP Request: POST https://foundation-models.api.cloud.ru/v1/chat/completions "HTTP/1.1 200 OK"
2025-09-04 11:49:19,413 INFO \u2705 Итоговые рекомендации сформированы
2025-09-04 11:50:44,006 INFO Discussion node
2025-09-04 11:50:44,007 INFO Checking user data
2025-09-04 11:50:44,007 INFO User data node
2025-09-04 11:50:44,007 INFO User data loaded
2025-09-04 11:50:44,008 INFO Discussion node
2025-09-04 11:50:44,008 INFO Checking user data
2025-09-04 11:50:44,008 INFO Checking news data
2025-09-04 11:50:44,008 INFO News data node
2025-09-04 11:50:44,008 INFO News data loaded
2025-09-04 11:50:44,009 INFO Discussion node
2025-09-04 11:50:44,009 INFO Checking user data
2025-09-04 11:50:44,009 INFO Checking news data
2025-09-04 11:50:44,009 INFO \U0001f916 Агенты начинают обсуждение портфеля...
2025-09-04 11:51:02,378 INFO HTTP Request: POST https://foundation-models.api.cloud.ru/v1/chat/completions "HTTP/1.1 200 OK"
2025-09-04 11:51:14,517 INFO HTTP Request: POST https://foundation-models.api.cloud.ru/v1/chat/completions "HTTP/1.1 200 OK"
2025-09-04 11:51:39,126 INFO HTTP Request: POST https://foundation-models.api.cloud.ru/v1/chat/completions "HTTP/1.1 200 OK"
2025-09-04 11:51:53,979 INFO HTTP Request: POST https://foundation-models.api.cloud.ru/v1/chat/completions "HTTP/1.1 200 OK"
2025-09-04 11:52:05,527 INFO HTTP Request: POST https://foundation-models.api.cloud.ru/v1/chat/completions "HTTP/1.1 200 OK"
2025-09-04 11:52:27,683 INFO HTTP Request: POST https://foundation-models.api.cloud.ru/v1/chat/completions "HTTP/1.1 200 OK"
2025-09-04 11:52:42,624 INFO HTTP Request: POST https://foundation-models.api.cloud.ru/v1/chat/completions "HTTP/1.1 200 OK"
2025-09-04 11:52:56,598 INFO HTTP Request: POST https://foundation-models.api.cloud.ru/v1/chat/completions "HTTP/1.1 200 OK"
2025-09-04 11:53:17,190 INFO HTTP Request: POST https://foundation-models.api.cloud.ru/v1/chat/completions "HTTP/1.1 200 OK"
2025-09-04 11:54:34,241 INFO HTTP Request: POST https://foundation-models.api.cloud.ru/v1/chat/completions "HTTP/1.1 200 OK"
2025-09-04 11:55:13,756 INFO HTTP Request: POST https://foundation-models.api.cloud.ru/v1/chat/completions "HTTP/1.1 200 OK"
2025-09-04 11:56:40,492 INFO HTTP Request: POST https://foundation-models.api.cloud.ru/v1/chat/completions "HTTP/1.1 200 OK"
2025-09-04 11:57:46,998 INFO HTTP Request: POST https://foundation-models.api.cloud.ru/v1/chat/completions "HTTP/1.1 200 OK"
2025-09-04 11:58:32,854 INFO HTTP Request: POST https://foundation-models.api.cloud.ru/v1/chat/completions "HTTP/1.1 200 OK"
2025-09-04 11:59:45,260 INFO HTTP Request: POST https://foundation-models.api.cloud.ru/v1/chat/completions "HTTP/1.1 200 OK"
2025-09-04 12:00:56,643 INFO HTTP Request: POST https://foundation-models.api.cloud.ru/v1/chat/completions "HTTP/1.1 200 OK"
2025-09-04 12:01:37,614 INFO HTTP Request: POST https://foundation-models.api.cloud.ru/v1/chat/completions "HTTP/1.1 200 OK"
2025-09-04 12:03:19,362 INFO HTTP Request: POST https://foundation-models.api.cloud.ru/v1/chat/completions "HTTP/1.1 200 OK"
2025-09-04 12:03:19,363 INFO \U0001f504 АГРЕГАЦИЯ РЕШЕНИЙ АГЕНТОВ
2025-09-04 12:03:19,363 INFO ----------------------------------------
2025-09-04 12:03:19,363 INFO \u2705 Получено 18 мнений от агентов
2025-09-04 12:03:19,363 INFO \U0001f4ca Агрегировано 6 решений
2025-09-04 12:03:19,363 INFO \U0001f4cb NVTK: HOLD (уверенность: 8.0, консенсус: 1.0)
2025-09-04 12:03:19,363 INFO \U0001f4cb SBER: HOLD (уверенность: 7.3, консенсус: 0.6)
2025-09-04 12:03:19,363 INFO \U0001f4cb LKOH: HOLD (уверенность: 7.7, консенсус: 1.0)
2025-09-04 12:03:19,363 INFO \U0001f4cb GAZP: HOLD (уверенность: 7.0, консенсус: 1.0)
2025-09-04 12:03:19,363 INFO \U0001f4cb YNDX: HOLD (уверенность: 6.7, консенсус: 1.0)
2025-09-04 12:03:19,363 INFO \U0001f4cb SMLT: SELL (уверенность: 8.0, консенсус: 1.0)
2025-09-04 12:03:19,364 INFO Risk node
2025-09-04 12:03:19,364 INFO \u26a0\ufe0f Риск-менеджер оценивает риски...
2025-09-04 12:04:02,098 INFO HTTP Request: POST https://foundation-models.api.cloud.ru/v1/chat/completions "HTTP/1.1 200 OK"
2025-09-04 12:04:58,815 INFO HTTP Request: POST https://foundation-models.api.cloud.ru/v1/chat/completions "HTTP/1.1 200 OK"
2025-09-04 12:05:24,530 INFO HTTP Request: POST https://foundation-models.api.cloud.ru/v1/chat/completions "HTTP/1.1 200 OK"
2025-09-04 12:06:27,614 INFO HTTP Request: POST https://foundation-models.api.cloud.ru/v1/chat/completions "HTTP/1.1 200 OK"
2025-09-04 12:07:25,963 INFO HTTP Request: POST https://foundation-models.api.cloud.ru/v1/chat/completions "HTTP/1.1 200 OK"
2025-09-04 12:09:29,086 INFO HTTP Request: POST https://foundation-models.api.cloud.ru/v1/chat/completions "HTTP/1.1 200 OK"
2025-09-04 12:09:29,087 INFO \u2705 Оценены риски для 6 позиций
2025-09-04 12:09:29,087 INFO \u26a0\ufe0f NVTK: уровень риска 8/10
2025-09-04 12:09:29,087 INFO \u26a0\ufe0f SBER: уровень риска 9/10
2025-09-04 12:09:29,087 INFO \u26a0\ufe0f LKOH: уровень риска 8/10
2025-09-04 12:09:29,087 INFO \u26a0\ufe0f GAZP: уровень риска 1/10
2025-09-04 12:09:29,087 INFO \u26a0\ufe0f YNDX: уровень риска 1/10
2025-09-04 12:09:29,087 INFO \u26a0\ufe0f SMLT: уровень риска 1/10
2025-09-04 12:09:29,088 INFO Finalizer node
2025-09-04 12:09:29,088 INFO \U0001f4cb Формирование итоговых рекомендаций...
2025-09-04 12:10:03,555 INFO HTTP Request: POST https://foundation-models.api.cloud.ru/v1/chat/completions "HTTP/1.1 200 OK"
2025-09-04 12:10:03,555 INFO \u2705 Итоговые рекомендации сформированы
